25-08-2020 23:59:05 INFO [Log]: Environment Configuration Ready
26-08-2020 00:00:03 INFO [Log]: ****************************************************************************************
26-08-2020 00:00:03 INFO [Log]: ***               Test_Case_ID : 001 : Testing Zoho CRM App       ***
26-08-2020 00:00:03 INFO [Log]: ****************************************************************************************
26-08-2020 00:00:07 INFO [Log]: Clicked on Sign Up Button
26-08-2020 00:00:12 INFO [Log]: Clicked on Google Button
26-08-2020 00:00:19 INFO [Log]: Clicked on Mail
26-08-2020 00:00:46 INFO [Log]: Clicked on Accept Button
26-08-2020 00:00:48 INFO [Log]: Clicked on Manage
26-08-2020 00:00:50 INFO [Log]: Clicked on Back Button
26-08-2020 00:00:52 INFO [Log]: Clicked on Menu
26-08-2020 00:00:55 INFO [Log]: Clicked on Leads
26-08-2020 00:00:57 INFO [Log]: Clicked on Add New
26-08-2020 00:00:59 INFO [Log]: Clicked on New Leads
26-08-2020 00:01:02 INFO [Log]: Clicked on Switch To Smart View Button
26-08-2020 00:01:06 INFO [Log]: Entered Company Name
26-08-2020 00:01:08 INFO [Log]: Entered First Name
26-08-2020 00:01:10 INFO [Log]: Clicked on Back Button
26-08-2020 00:01:13 INFO [Log]: Entered Last Name
26-08-2020 00:01:14 INFO [Log]: Clicked on Back Button
26-08-2020 00:01:17 INFO [Log]: Entered Email ID
26-08-2020 00:01:18 INFO [Log]: Clicked on Back Button
26-08-2020 00:01:22 INFO [Log]: Entered Phone Number
26-08-2020 00:01:23 INFO [Log]: Clicked on Back Button
26-08-2020 00:01:24 INFO [Log]: Clicked on Save Button
26-08-2020 00:01:27 INFO [Log]: Clicked on Add New
26-08-2020 00:01:29 INFO [Log]: Clicked on New Leads
26-08-2020 00:01:32 INFO [Log]: Clicked on Switch To Smart View Button
26-08-2020 00:01:35 INFO [Log]: Entered Company Name
26-08-2020 00:01:37 INFO [Log]: Entered First Name
26-08-2020 00:01:39 INFO [Log]: Clicked on Back Button
26-08-2020 00:01:42 INFO [Log]: Entered Last Name
26-08-2020 00:01:43 INFO [Log]: Clicked on Back Button
26-08-2020 00:01:46 INFO [Log]: Entered Email ID
26-08-2020 00:01:47 INFO [Log]: Clicked on Back Button
26-08-2020 00:01:50 INFO [Log]: Entered Phone Number
26-08-2020 00:01:51 INFO [Log]: Clicked on Back Button
26-08-2020 00:01:53 INFO [Log]: Clicked on Save Button
26-08-2020 00:01:55 INFO [Log]: Clicked on Menu Icon
26-08-2020 00:01:58 INFO [Log]: Clicked on Home Icon
26-08-2020 00:02:00 INFO [Log]: Clicked on Meeting
26-08-2020 00:02:04 INFO [Log]: Entered Title
26-08-2020 00:02:07 INFO [Log]: Entered Location
26-08-2020 00:02:09 INFO [Log]: Clicked on From Date
26-08-2020 00:02:13 INFO [Log]: Clicked on From Date1
26-08-2020 00:02:14 INFO [Log]: Clicked on Time
26-08-2020 00:02:18 INFO [Log]: Clicked on 3:00 PM
26-08-2020 00:02:19 INFO [Log]: Clicked on Done Button
26-08-2020 00:02:21 INFO [Log]: Clicked on To Date
26-08-2020 00:02:22 INFO [Log]: Clicked on To Time
26-08-2020 00:02:26 INFO [Log]: Clicked on 4:00 PM
26-08-2020 00:02:28 INFO [Log]: Clicked on Done
26-08-2020 00:02:30 INFO [Log]: Clicked on Participants
26-08-2020 00:02:37 INFO [Log]: Entered Name
26-08-2020 00:02:45 INFO [Log]: Entered Another Name
26-08-2020 00:02:46 INFO [Log]: Clicked on Save Button
26-08-2020 00:02:47 INFO [Log]: Clicked on Save Button
26-08-2020 00:02:55 INFO [Log]: Clicked on Date
26-08-2020 00:02:57 INFO [Log]: Clicked on Meetings
26-08-2020 00:03:04 INFO [Log]: Clicked on Details
26-08-2020 00:03:05 INFO [Log]: Clicked on Back Button
26-08-2020 00:03:07 INFO [Log]: Clicked on Meetings
26-08-2020 00:03:09 INFO [Log]: Clicked on Icon
26-08-2020 00:03:15 INFO [Log]: Clicked on Delete Button
26-08-2020 00:03:16 INFO [Log]: Clicked on Menu Icon
26-08-2020 00:03:19 INFO [Log]: Clicked on Leads
26-08-2020 00:03:22 INFO [Log]: Clicked on Name : Nakul
26-08-2020 00:03:26 INFO [Log]: Clicked on Icon
26-08-2020 00:03:31 INFO [Log]: Clicked on Delete Button
26-08-2020 00:03:33 INFO [Log]: Clicked on Name : Alex
26-08-2020 00:03:36 INFO [Log]: Clicked on Icon
26-08-2020 00:03:41 INFO [Log]: Clicked on Delete Button
26-08-2020 00:03:42 INFO [Log]: Clicked on Menu Icon
26-08-2020 00:03:44 INFO [Log]: Clicked on Settings Icon
26-08-2020 00:03:45 INFO [Log]: Clicked on Sign Out
26-08-2020 00:03:47 INFO [Log]: Clicked on Sign Out Button
26-08-2020 00:03:47 INFO [Log]: ****************************************************************************************
26-08-2020 00:03:47 INFO [Log]: ***                 Test_Case_ID : 001 :Verified Zoho CRM App      ***
26-08-2020 00:03:47 INFO [Log]: ****************************************************************************************
26-08-2020 00:03:47 ERROR[Log]: loginTest Passed
26-08-2020 00:03:49 INFO [Log]: Screenshot can be found : ..\Screenshots\Results\SelenoidTest\loginTest.png
